0 info it worked if it ends with ok
1 verbose cli [ 'node', '/usr/local/bin/npm', 'install', 'gulp-chnaged' ]
2 info using npm@1.4.28
3 info using node@v0.10.32
4 warn package.json js_test_progs@0.0.1 No README data
5 verbose readDependencies using package.json deps
6 verbose cache add [ 'gulp-chnaged', null ]
7 verbose cache add name=undefined spec="gulp-chnaged" args=["gulp-chnaged",null]
8 verbose parsed url { protocol: null,
8 verbose parsed url   slashes: null,
8 verbose parsed url   auth: null,
8 verbose parsed url   host: null,
8 verbose parsed url   port: null,
8 verbose parsed url   hostname: null,
8 verbose parsed url   hash: null,
8 verbose parsed url   search: null,
8 verbose parsed url   query: null,
8 verbose parsed url   pathname: 'gulp-chnaged',
8 verbose parsed url   path: 'gulp-chnaged',
8 verbose parsed url   href: 'gulp-chnaged' }
9 silly lockFile 867c00ad-gulp-chnaged gulp-chnaged
10 verbose lock gulp-chnaged /Users/moulib/.npm/867c00ad-gulp-chnaged.lock
11 silly lockFile 867c00ad-gulp-chnaged gulp-chnaged
12 silly lockFile 867c00ad-gulp-chnaged gulp-chnaged
13 verbose addNamed [ 'gulp-chnaged', '' ]
14 verbose addNamed [ null, '*' ]
15 silly lockFile 6a2a66ed-gulp-chnaged gulp-chnaged@
16 verbose lock gulp-chnaged@ /Users/moulib/.npm/6a2a66ed-gulp-chnaged.lock
17 silly addNameRange { name: 'gulp-chnaged', range: '*', hasData: false }
18 verbose request where is /gulp-chnaged
19 verbose request registry https://registry.npmjs.org/
20 verbose request id e1d5b7b5adc2af4a
21 verbose url raw /gulp-chnaged
22 verbose url resolving [ 'https://registry.npmjs.org/', './gulp-chnaged' ]
23 verbose url resolved https://registry.npmjs.org/gulp-chnaged
24 verbose request where is https://registry.npmjs.org/gulp-chnaged
25 info trying registry request attempt 1 at 15:14:52
26 http GET https://registry.npmjs.org/gulp-chnaged
27 http 404 https://registry.npmjs.org/gulp-chnaged
28 verbose headers { date: 'Sat, 18 Oct 2014 22:14:53 GMT',
28 verbose headers   server: 'CouchDB/1.5.0 (Erlang OTP/R16B03)',
28 verbose headers   'content-type': 'application/json',
28 verbose headers   'cache-control': 'max-age=0',
28 verbose headers   'content-length': '52',
28 verbose headers   'accept-ranges': 'bytes',
28 verbose headers   via: '1.1 varnish',
28 verbose headers   age: '0',
28 verbose headers   'x-served-by': 'cache-sjc3135-SJC',
28 verbose headers   'x-cache': 'MISS',
28 verbose headers   'x-cache-hits': '0',
28 verbose headers   'x-timer': 'S1413670493.121237,VS0,VE36',
28 verbose headers   'keep-alive': 'timeout=10, max=50',
28 verbose headers   connection: 'Keep-Alive' }
29 silly registry.get cb [ 404,
29 silly registry.get   { date: 'Sat, 18 Oct 2014 22:14:53 GMT',
29 silly registry.get     server: 'CouchDB/1.5.0 (Erlang OTP/R16B03)',
29 silly registry.get     'content-type': 'application/json',
29 silly registry.get     'cache-control': 'max-age=0',
29 silly registry.get     'content-length': '52',
29 silly registry.get     'accept-ranges': 'bytes',
29 silly registry.get     via: '1.1 varnish',
29 silly registry.get     age: '0',
29 silly registry.get     'x-served-by': 'cache-sjc3135-SJC',
29 silly registry.get     'x-cache': 'MISS',
29 silly registry.get     'x-cache-hits': '0',
29 silly registry.get     'x-timer': 'S1413670493.121237,VS0,VE36',
29 silly registry.get     'keep-alive': 'timeout=10, max=50',
29 silly registry.get     connection: 'Keep-Alive' } ]
30 silly lockFile 6a2a66ed-gulp-chnaged gulp-chnaged@
31 silly lockFile 6a2a66ed-gulp-chnaged gulp-chnaged@
32 error 404 404 Not Found: gulp-chnaged
32 error 404
32 error 404 'gulp-chnaged' is not in the npm registry.
32 error 404 You should bug the author to publish it
32 error 404 It was specified as a dependency of 'js_test_progs'
32 error 404
32 error 404 Note that you can also install from a
32 error 404 tarball, folder, or http url, or git url.
33 error System Darwin 13.3.0
34 error command "node" "/usr/local/bin/npm" "install" "gulp-chnaged"
35 error cwd /Users/moulib/webFrameworks/js_test_progs
36 error node -v v0.10.32
37 error npm -v 1.4.28
38 error code E404
39 verbose exit [ 1, true ]
